<?xml version="1.0" encoding="UTF-8"?>
<testng-results ignored="0" total="1" passed="1" failed="0" skipped="0">
  <reporter-output>
  </reporter-output>
  <suite started-at="2021-06-18T15:08:33 EDT" name="Default suite" finished-at="2021-06-18T15:08:44 EDT" duration-ms="10451">
    <groups>
    </groups>
    <test started-at="2021-06-18T15:08:33 EDT" name="Default test" finished-at="2021-06-18T15:08:44 EDT" duration-ms="10451">
      <class name="com.webappsecurity.zero.TestScripts.VerifyFundsTransferTest">
        <test-method is-config="true" signature="openApplication()[pri:0, instance:com.webappsecurity.zero.TestScripts.VerifyFundsTransferTest@26275bef]" started-at="2021-06-18T15:08:33 EDT" name="openApplication" finished-at="2021-06-18T15:08:36 EDT" duration-ms="2981" status="PASS">
          <reporter-output>
          </reporter-output>
        </test-method> <!-- openApplication -->
        <test-method signature="verifyFundsTransfer()[pri:0, instance:com.webappsecurity.zero.TestScripts.VerifyFundsTransferTest@26275bef]" started-at="2021-06-18T15:08:36 EDT" name="verifyFundsTransfer" finished-at="2021-06-18T15:08:44 EDT" duration-ms="7304" status="PASS">
          <reporter-output>
          </reporter-output>
        </test-method> <!-- verifyFundsTransfer -->
        <test-method is-config="true" signature="closeApplication()[pri:0, instance:com.webappsecurity.zero.TestScripts.VerifyFundsTransferTest@26275bef]" started-at="2021-06-18T15:08:44 EDT" name="closeApplication" finished-at="2021-06-18T15:08:44 EDT" duration-ms="113" status="PASS">
          <reporter-output>
          </reporter-output>
        </test-method> <!-- closeApplication -->
      </class> <!-- com.webappsecurity.zero.TestScripts.VerifyFundsTransferTest -->
    </test> <!-- Default test -->
  </suite> <!-- Default suite -->
</testng-results>
